[    0.000000] Initializing cgroup subsys cpuset
[    0.000000] Initializing cgroup subsys cpu
[    0.000000] Initializing cgroup subsys cpuacct
[    0.000000] Linux version 4.4.0-79-generic (buildd@lcy01-30) (gcc version 5.4.0 20160609 (Ubuntu 5.4.0-6ubuntu1~16.04.4) ) #100-Ubuntu SMP Wed May 17 19:58:14 UTC 2017 (Ubuntu 4.4.0-79.100-generic 4.4.67)
[    0.000000] Command line: BOOT_IMAGE=/boot/vmlinuz-4.4.0-79-generic root=LABEL=cloudimg-rootfs ro console=tty1 console=ttyS0
[    0.000000] KERNEL supported cpus:
[    0.000000]   Intel GenuineIntel
[    0.000000]   AMD AuthenticAMD
[    0.000000]   Centaur CentaurHauls
[    0.000000] x86/fpu: xstate_offset[2]:  576, xstate_sizes[2]:  256
[    0.000000] x86/fpu: Supporting XSAVE feature 0x01: 'x87 floating point registers'
[    0.000000] x86/fpu: Supporting XSAVE feature 0x02: 'SSE registers'
[    0.000000] x86/fpu: Supporting XSAVE feature 0x04: 'AVX registers'
[    0.000000] x86/fpu: Enabled xstate features 0x7, context size is 832 bytes, using 'standard' format.
[    0.000000] x86/fpu: Using 'lazy' FPU context switches.
[    0.000000] e820: BIOS-provided physical RAM map:
[    0.000000] BIOS-e820: [mem 0x0000000000000000-0x000000000009fbff] usable
[    0.000000] BIOS-e820: [mem 0x000000000009fc00-0x000000000009ffff] reserved
[    0.000000] BIOS-e820: [mem 0x00000000000f0000-0x00000000000fffff] reserved
[    0.000000] BIOS-e820: [mem 0x0000000000100000-0x000000003ffeffff] usable
[    0.000000] BIOS-e820: [mem 0x000000003fff0000-0x000000003fffffff] ACPI data
[    0.000000] BIOS-e820: [mem 0x00000000fec00000-0x00000000fec00fff] reserved
[    0.000000] BIOS-e820: [mem 0x00000000fee00000-0x00000000fee00fff] reserved
[    0.000000] BIOS-e820: [mem 0x00000000fffc0000-0x00000000ffffffff] reserved
[    0.000000] NX (Execute Disable) protection: active
[    0.000000] SMBIOS 2.5 present.
[    0.000000] Hypervisor detected: KVM
[    0.000000] e820: last_pfn = 0x3fff0 max_arch_pfn = 0x400000000
[    0.000000] MTRR: Disabled
[    0.000000] x86/PAT: MTRRs disabled, skipping PAT initialization too.
[    0.000000] x86/PAT: Configuration [0-7]: WB  WT  UC- UC  WB  WT  UC- UC  
[    0.000000] CPU MTRRs all blank - virtualized system.
[    0.000000] found SMP MP-table at [mem 0x0009fff0-0x0009ffff] mapped at [ffff88000009fff0]
[    0.000000] Scanning 1 areas for low memory corruption
[    0.000000] RAMDISK: [mem 0x36ad0000-0x3755ffff]
[    0.000000] ACPI: Early table checksum verification disabled
[    0.000000] ACPI: RSDP 0x00000000000E0000 000024 (v02 VBOX  )
[    0.000000] ACPI: XSDT 0x000000003FFF0030 00003C (v01 VBOX   VBOXXSDT 00000001 ASL  00000061)
[    0.000000] ACPI: FACP 0x000000003FFF00F0 0000F4 (v04 VBOX   VBOXFACP 00000001 ASL  00000061)
[    0.000000] ACPI: DSDT 0x000000003FFF0470 0021C8 (v02 VBOX   VBOXBIOS 00000002 INTL 20170224)
[    0.000000] ACPI: FACS 0x000000003FFF0200 000040
[    0.000000] ACPI: FACS 0x000000003FFF0200 000040
[    0.000000] ACPI: APIC 0x000000003FFF0240 00005C (v02 VBOX   VBOXAPIC 00000001 ASL  00000061)
[    0.000000] ACPI: SSDT 0x000000003FFF02A0 0001CC (v01 VBOX   VBOXCPUT 00000002 INTL 20170224)
[    0.000000] No NUMA configuration found
[    0.000000] Faking a node at [mem 0x0000000000000000-0x000000003ffeffff]
[    0.000000] NODE_DATA(0) allocated [mem 0x3ffeb000-0x3ffeffff]
[    0.000000] kvm-clock: Using msrs 4b564d01 and 4b564d00
[    0.000000] kvm-clock: cpu 0, msr 0:3ffe3001, primary cpu clock
[    0.000000] kvm-clock: using sched offset of 3015684285 cycles
[    0.000000] clocksource: kvm-clock: mask: 0xffffffffffffffff max_cycles: 0x1cd42e4dffb, max_idle_ns: 881590591483 ns
[    0.000000] Zone ranges:
[    0.000000]   DMA      [mem 0x0000000000001000-0x0000000000ffffff]
[    0.000000]   DMA32    [mem 0x0000000001000000-0x000000003ffeffff]
[    0.000000]   Normal   empty
[    0.000000]   Device   empty
[    0.000000] Movable zone start for each node
[    0.000000] Early memory node ranges
[    0.000000]   node   0: [mem 0x0000000000001000-0x000000000009efff]
[    0.000000]   node   0: [mem 0x0000000000100000-0x000000003ffeffff]
[    0.000000] Initmem setup node 0 [mem 0x0000000000001000-0x000000003ffeffff]
[    0.000000] ACPI: PM-Timer IO Port: 0x4008
[    0.000000] IOAPIC[0]: apic_id 2, version 32, address 0xfec00000, GSI 0-23
[    0.000000] ACPI: INT_SRC_OVR (bus 0 bus_irq 0 global_irq 2 dfl dfl)
[    0.000000] ACPI: INT_SRC_OVR (bus 0 bus_irq 9 global_irq 9 high level)
[    0.000000] Using ACPI (MADT) for SMP configuration information
[    0.000000] smpboot: Allowing 2 CPUs, 0 hotplug CPUs
[    0.000000] PM: Registered nosave memory: [mem 0x00000000-0x00000fff]
[    0.000000] PM: Registered nosave memory: [mem 0x0009f000-0x0009ffff]
[    0.000000] PM: Registered nosave memory: [mem 0x000a0000-0x000effff]
[    0.000000] PM: Registered nosave memory: [mem 0x000f0000-0x000fffff]
[    0.000000] e820: [mem 0x40000000-0xfebfffff] available for PCI devices
[    0.000000] Booting paravirtualized kernel on KVM
[    0.000000] clocksource: refined-jiffies: mask: 0xffffffff max_cycles: 0xffffffff, max_idle_ns: 7645519600211568 ns
[    0.000000] setup_percpu: NR_CPUS:512 nr_cpumask_bits:512 nr_cpu_ids:2 nr_node_ids:1
[    0.000000] PERCPU: Embedded 33 pages/cpu @ffff88003fc00000 s98264 r8192 d28712 u1048576
[    0.000000] PV qspinlock hash table entries: 256 (order: 0, 4096 bytes)
[    0.000000] Built 1 zonelists in Node order, mobility grouping on.  Total pages: 257913
[    0.000000] Policy zone: DMA32
[    0.000000] Kernel command line: BOOT_IMAGE=/boot/vmlinuz-4.4.0-79-generic root=LABEL=cloudimg-rootfs ro console=tty1 console=ttyS0
[    0.000000] PID hash table entries: 4096 (order: 3, 32768 bytes)
[    0.000000] Memory: 1001764K/1048120K available (8469K kernel code, 1294K rwdata, 3984K rodata, 1484K init, 1316K bss, 46356K reserved, 0K cma-reserved)
[    0.000000] SLUB: HWalign=64, Order=0-3, MinObjects=0, CPUs=2, Nodes=1
[    0.000000] Hierarchical RCU implementation.
[    0.000000] 	Build-time adjustment of leaf fanout to 64.
[    0.000000] 	RCU restricting CPUs from NR_CPUS=512 to nr_cpu_ids=2.
[    0.000000] RCU: Adjusting geometry for rcu_fanout_leaf=64, nr_cpu_ids=2
[    0.000000] NR_IRQS:33024 nr_irqs:440 16
[    0.000000] Console: colour VGA+ 80x25
[    0.000000] console [tty1] enabled
[    0.000000] console [ttyS0] enabled
[    0.000000] tsc: Detected 2594.108 MHz processor
[    0.661682] Calibrating delay loop (skipped) preset value.. 5188.21 BogoMIPS (lpj=10376432)
[    0.663478] pid_max: default: 32768 minimum: 301
[    0.664470] ACPI: Core revision 20150930
[    0.666306] ACPI: 2 ACPI AML tables successfully acquired and loaded
[    0.667721] Security Framework initialized
[    0.668636] Yama: becoming mindful.
[    0.669488] AppArmor: AppArmor initialized
[    0.670463] Dentry cache hash table entries: 131072 (order: 8, 1048576 bytes)
[    0.671882] Inode-cache hash table entries: 65536 (order: 7, 524288 bytes)
[    0.673448] Mount-cache hash table entries: 2048 (order: 2, 16384 bytes)
[    0.676848] Mountpoint-cache hash table entries: 2048 (order: 2, 16384 bytes)
[    0.678037] Initializing cgroup subsys io
[    0.678762] Initializing cgroup subsys memory
[    0.681791] Initializing cgroup subsys devices
[    0.682754] Initializing cgroup subsys freezer
[    0.683717] Initializing cgroup subsys net_cls
[    0.684678] Initializing cgroup subsys perf_event
[    0.690960] Initializing cgroup subsys net_prio
[    0.691956] Initializing cgroup subsys hugetlb
[    0.692891] Initializing cgroup subsys pids
[    0.693833] CPU: Physical Processor ID: 0
[    0.694671] CPU: Processor Core ID: 0
[    0.695775] mce: CPU supports 0 MCE banks
[    0.696635] Last level iTLB entries: 4KB 512, 2MB 8, 4MB 8
[    0.697721] Last level dTLB entries: 4KB 512, 2MB 32, 4MB 32, 1GB 0
[    0.706106] Freeing SMP alternatives memory: 32K (ffffffff820b8000 - ffffffff820c0000)
[    0.715658] ftrace: allocating 32127 entries in 126 pages
[    0.761452] smpboot: APIC(0) Converting physical 0 to logical package 0
[    0.767997] smpboot: Max logical packages: 1
[    0.776713] x2apic enabled
[    0.777608] Switched APIC routing to physical x2apic.
[    0.779703] ..TIMER: vector=0x30 apic1=0 pin1=2 apic2=-1 pin2=-1
[    0.885444] smpboot: CPU0: Intel(R) Core(TM) i5-3320M CPU @ 2.60GHz (family: 0x6, model: 0x3a, stepping: 0x9)
[    0.888717] Performance Events: unsupported p6 CPU model 58 no PMU driver, software events only.
[    0.890732] KVM setup paravirtual spinlock
[    0.892333] x86: Booting SMP configuration:
[    0.893246] .... node  #0, CPUs:      #1
[    0.899491] kvm-clock: cpu 1, msr 0:3ffe3041, secondary cpu clock
[    0.902437] mce: CPU supports 0 MCE banks
[    0.904837] x86: Booted up 1 node, 2 CPUs
[    0.906851] smpboot: Total of 2 processors activated (10376.43 BogoMIPS)
[    0.909091] devtmpfs: initialized
[    0.911323] evm: security.selinux
[    0.912104] evm: security.SMACK64
[    0.912893] evm: security.SMACK64EXEC
[    0.913755] evm: security.SMACK64TRANSMUTE
[    0.914621] evm: security.SMACK64MMAP
[    0.915437] evm: security.ima
[    0.916108] evm: security.capability
[    0.917138] clocksource: jiffies: mask: 0xffffffff max_cycles: 0xffffffff, max_idle_ns: 7645041785100000 ns
[    0.919060] futex hash table entries: 512 (order: 3, 32768 bytes)
[    0.920335] pinctrl core: initialized pinctrl subsystem
[    0.921541] RTC time: 22:59:22, date: 06/28/17
[    0.928363] NET: Registered protocol family 16
[    0.961090] cpuidle: using governor ladder
[    1.005386] cpuidle: using governor menu
[    1.009984] PCCT header not found.
[    1.011310] ACPI: bus type PCI registered
[    1.012675] acpiphp: ACPI Hot Plug PCI Controller Driver version: 0.5
[    1.014744] PCI: Using configuration type 1 for base access
[    1.030587] ACPI: Added _OSI(Module Device)
[    1.036997] ACPI: Added _OSI(Processor Device)
[    1.038082] ACPI: Added _OSI(3.0 _SCP Extensions)
[    1.040504] ACPI: Added _OSI(Processor Aggregator Device)
[    1.043565] ACPI: Executed 1 blocks of module-level executable AML code
[    1.065021] ACPI: Interpreter enabled
[    1.070530] ACPI: (supports S0 S5)
[    1.071154] ACPI: Using IOAPIC for interrupt routing
[    1.072120] PCI: Using host bridge windows from ACPI; if necessary, use "pci=nocrs" and report a bug
[    1.076899] ACPI: PCI Root Bridge [PCI0] (domain 0000 [bus 00-ff])
[    1.077841] acpi PNP0A03:00: _OSC: OS supports [ASPM ClockPM Segments MSI]
[    1.084075] acpi PNP0A03:00: _OSC failed (AE_NOT_FOUND); disabling ASPM
[    1.265577] acpi PNP0A03:00: fail to add MMCONFIG information, can't access extended PCI configuration space under this bridge.
[    1.318341] PCI host bridge to bus 0000:00
[    1.319257] pci_bus 0000:00: root bus resource [io  0x0000-0x0cf7 window]
[    1.320517] pci_bus 0000:00: root bus resource [io  0x0d00-0xffff window]
[    1.321803] pci_bus 0000:00: root bus resource [mem 0x000a0000-0x000bffff window]
[    1.324490] pci_bus 0000:00: root bus resource [mem 0x40000000-0xffdfffff window]
[    1.326051] pci_bus 0000:00: root bus resource [bus 00-ff]
[    1.328346] pci 0000:00:01.1: legacy IDE quirk: reg 0x10: [io  0x01f0-0x01f7]
[    1.330757] pci 0000:00:01.1: legacy IDE quirk: reg 0x14: [io  0x03f6]
[    1.331994] pci 0000:00:01.1: legacy IDE quirk: reg 0x18: [io  0x0170-0x0177]
[    1.338562] pci 0000:00:01.1: legacy IDE quirk: reg 0x1c: [io  0x0376]
[    1.363278] pci 0000:00:07.0: quirk: [io  0x4000-0x403f] claimed by PIIX4 ACPI
[    1.380409] pci 0000:00:07.0: quirk: [io  0x4100-0x410f] claimed by PIIX4 SMB
[    1.405737] ACPI: PCI Interrupt Link [LNKA] (IRQs 5 9 10 *11)
[    1.447556] ACPI: PCI Interrupt Link [LNKB] (IRQs 5 9 10 *11)
[    1.451200] ACPI: PCI Interrupt Link [LNKC] (IRQs 5 9 *10 11)
[    1.452755] ACPI: PCI Interrupt Link [LNKD] (IRQs 5 *9 10 11)
[    1.454407] ACPI: Enabled 2 GPEs in block 00 to 07
[    1.457287] vgaarb: setting as boot device: PCI:0000:00:02.0
[    1.458356] vgaarb: device added: PCI:0000:00:02.0,decodes=io+mem,owns=io+mem,locks=none
[    1.461102] vgaarb: loaded
[    1.461813] vgaarb: bridge control possible 0000:00:02.0
[    1.464277] SCSI subsystem initialized
[    1.465304] ACPI: bus type USB registered
[    1.466200] usbcore: registered new interface driver usbfs
[    1.467254] usbcore: registered new interface driver hub
[    1.468292] usbcore: registered new device driver usb
[    1.469796] PCI: Using ACPI for IRQ routing
[    1.470965] NetLabel: Initializing
[    1.471771] NetLabel:  domain hash size = 128
[    1.472706] NetLabel:  protocols = UNLABELED CIPSOv4
[    1.473773] NetLabel:  unlabeled traffic allowed by default
[    1.475008] amd_nb: Cannot enumerate AMD northbridges
[    1.501094] clocksource: Switched to clocksource kvm-clock
[    1.524603] AppArmor: AppArmor Filesystem Enabled
[    1.564320] pnp: PnP ACPI init
[    1.565648] pnp: PnP ACPI: found 3 devices
[    1.575435] clocksource: acpi_pm: mask: 0xffffff max_cycles: 0xffffff, max_idle_ns: 2085701024 ns
[    1.584391] NET: Registered protocol family 2
[    1.585328] TCP established hash table entries: 8192 (order: 4, 65536 bytes)
[    1.609809] TCP bind hash table entries: 8192 (order: 5, 131072 bytes)
[    1.610799] TCP: Hash tables configured (established 8192 bind 8192)
[    1.611781] UDP hash table entries: 512 (order: 2, 16384 bytes)
[    1.612705] UDP-Lite hash table entries: 512 (order: 2, 16384 bytes)
[    1.613697] NET: Registered protocol family 1
[    1.614436] pci 0000:00:00.0: Limiting direct PCI/PCI transfers
[    1.615351] pci 0000:00:01.0: Activating ISA DMA hang workarounds
[    1.616814] Unpacking initramfs...
[    3.259743] Freeing initrd memory: 10816K (ffff880036ad0000 - ffff880037560000)
[    3.266732] RAPL PMU detected, API unit is 2^-32 Joules, 3 fixed counters 10737418240 ms ovfl timer
[    3.268567] hw unit of domain pp0-core 2^-0 Joules
[    3.269544] hw unit of domain package 2^-0 Joules
[    3.270483] hw unit of domain pp1-gpu 2^-0 Joules
[    3.271469] platform rtc_cmos: registered platform RTC device (no PNP device found)
[    3.273086] Scanning for low memory corruption every 60 seconds
[    3.274902] audit: initializing netlink subsys (disabled)
[    3.276170] audit: type=2000 audit(1498690768.562:1): initialized
[    3.277812] Initialise system trusted keyring
[    3.279168] HugeTLB registered 2 MB page size, pre-allocated 0 pages
[    3.282423] zbud: loaded
[    3.302737] VFS: Disk quotas dquot_6.6.0
[    3.303649] VFS: Dquot-cache hash table entries: 512 (order 0, 4096 bytes)
[    3.305234] squashfs: version 4.0 (2009/01/31) Phillip Lougher
[    3.306717] fuse init (API version 7.23)
[    3.307720] Key type big_key registered
[    3.308622] Allocating IMA MOK and blacklist keyrings.
[    3.310733] Key type asymmetric registered
[    3.311639] Asymmetric key parser 'x509' registered
[    3.312721] Block layer SCSI generic (bsg) driver version 0.4 loaded (major 249)
[    3.314417] io scheduler noop registered
[    3.315307] io scheduler deadline registered (default)
[    3.316394] io scheduler cfq registered
[    3.317350] pci_hotplug: PCI Hot Plug PCI Core version: 0.5
[    3.318537] pciehp: PCI Express Hot Plug Controller Driver version: 0.4
[    3.319950] ACPI: AC Adapter [AC] (on-line)
[    3.320911] input: Power Button as /devices/LNXSYSTM:00/LNXPWRBN:00/input/input0
[    3.342811] ACPI: Power Button [PWRF]
[    3.343556] input: Sleep Button as /devices/LNXSYSTM:00/LNXSLPBN:00/input/input1
[    3.344807] ACPI: Sleep Button [SLPF]
[    3.346325] ACPI: Battery Slot [BAT0] (battery present)
[    3.347182] GHES: HEST is not enabled!
[    3.347951] Serial: 8250/16550 driver, 32 ports, IRQ sharing enabled
[    3.370618] 00:02: ttyS0 at I/O 0x3f8 (irq = 4, base_baud = 115200) is a 16550A
[    3.414270] Linux agpgart interface v0.103
[    3.416613] loop: module loaded
[    3.423112] scsi host0: ata_piix
[    3.423901] scsi host1: ata_piix
[    3.424554] ata1: PATA max UDMA/33 cmd 0x1f0 ctl 0x3f6 bmdma 0xd000 irq 14
[    3.425641] ata2: PATA max UDMA/33 cmd 0x170 ctl 0x376 bmdma 0xd008 irq 15
[    3.426966] libphy: Fixed MDIO Bus: probed
[    3.427672] tun: Universal TUN/TAP device driver, 1.6
[    3.542647] tun: (C) 1999-2004 Max Krasnyansky <maxk@qualcomm.com>
[    3.543959] PPP generic driver version 2.4.2
[    3.544988] ehci_hcd: USB 2.0 'Enhanced' Host Controller (EHCI) Driver
[    3.572658] ehci-pci: EHCI PCI platform driver
[    3.575901] ehci-platform: EHCI generic platform driver
[    3.576740] ohci_hcd: USB 1.1 'Open' Host Controller (OHCI) Driver
[    3.577738] ohci-pci: OHCI PCI platform driver
[    3.578548] ohci-platform: OHCI generic platform driver
[    3.579454] uhci_hcd: USB Universal Host Controller Interface driver
[    3.580544] i8042: PNP: PS/2 Controller [PNP0303:PS2K,PNP0f03:PS2M] at 0x60,0x64 irq 1,12
[    3.582663] serio: i8042 KBD port at 0x60,0x64 irq 1
[    3.583518] serio: i8042 AUX port at 0x60,0x64 irq 12
[    3.584510] mousedev: PS/2 mouse device common for all mice
[    3.642999] input: AT Translated Set 2 keyboard as /devices/platform/i8042/serio0/input/input2
[    3.644582] rtc_cmos rtc_cmos: rtc core: registered rtc_cmos as rtc0
[    3.645632] rtc_cmos rtc_cmos: alarms up to one day, 114 bytes nvram
[    3.646593] i2c /dev entries driver
[    3.647296] device-mapper: uevent: version 1.0.3
[    3.648114] device-mapper: ioctl: 4.34.0-ioctl (2015-10-28) initialised: dm-devel@redhat.com
[    3.653247] ledtrig-cpu: registered to indicate activity on CPUs
[    3.654874] NET: Registered protocol family 10
[    3.656033] NET: Registered protocol family 17
[    3.657009] Key type dns_resolver registered
[    3.658143] microcode: CPU0 sig=0x306a9, pf=0x2, revision=0x19
[    3.699535] microcode: CPU1 sig=0x306a9, pf=0x2, revision=0x19
[    3.701987] microcode: Microcode Update Driver: v2.01 <tigran@aivazian.fsnet.co.uk>, Peter Oruba
[    3.703556] registered taskstats version 1
[    3.704279] Loading compiled-in X.509 certificates
[    3.705805] Loaded X.509 cert 'Build time autogenerated kernel key: 761c03361fb5ffec61c19dca354b3d4126495503'
[    3.723248] zswap: loaded using pool lzo/zbud
[    3.725707] Key type trusted registered
[    3.845893] Key type encrypted registered
[    4.042327] AppArmor: AppArmor sha1 policy hashing enabled
[    4.362349] ima: No TPM chip found, activating TPM-bypass!
[    4.371985] tsc: Refined TSC clocksource calibration: 2595.749 MHz
[    4.371988] clocksource: tsc: mask: 0xffffffffffffffff max_cycles: 0x256a8c6e943, max_idle_ns: 440795302916 ns
[    4.535636] evm: HMAC attrs: 0x1
[    4.536713]   Magic number: 5:881:1008
[    4.537681] rtc_cmos rtc_cmos: setting system clock to 2017-06-28 22:59:26 UTC (1498690766)
[    4.539594] BIOS EDD facility v0.16 2004-Jun-25, 0 devices found
[    4.540723] EDD information not available.
[    4.542883] Freeing unused kernel memory: 1484K (ffffffff81f45000 - ffffffff820b8000)
[    4.548398] Write protecting the kernel read-only data: 14336k
[    4.550198] Freeing unused kernel memory: 1760K (ffff880001848000 - ffff880001a00000)
[    4.553820] Freeing unused kernel memory: 112K (ffff880001de4000 - ffff880001e00000)
Loading, please wait...
starting version[    4.575656] random: systemd-udevd: uninitialized urandom read (16 bytes read, 2 bits of entropy available)
 229
[    4.576368] random: udevadm: uninitialized urandom read (16 bytes read, 2 bits of entropy available)
[    4.576410] random: udevadm: uninitialized urandom read (16 bytes read, 2 bits of entropy available)
[    4.576540] random: udevadm: uninitialized urandom read (16 bytes read, 2 bits of entropy available)
[    4.576587] random: udevadm: uninitialized urandom read (16 bytes read, 2 bits of entropy available)
[    4.576634] random: udevadm: uninitialized urandom read (16 bytes read, 2 bits of entropy available)
[    4.576681] random: udevadm: uninitialized urandom read (16 bytes read, 2 bits of entropy available)
[    4.576727] random: udevadm: uninitialized urandom read (16 bytes read, 2 bits of entropy available)
[    4.576769] random: udevadm: uninitialized urandom read (16 bytes read, 2 bits of entropy available)
[    4.576816] random: udevadm: uninitialized urandom read (16 bytes read, 2 bits of entropy available)
[    4.677905] e1000: Intel(R) PRO/1000 Network Driver - version 7.3.21-k8-NAPI
[    4.701263] e1000: Copyright (c) 1999-2006 Intel Corporation.
[    4.724867] AVX version of gcm_enc/dec engaged.
[    4.727024] Fusion MPT base driver 3.04.20
[    4.727025] Copyright (c) 1999-2008 LSI Corporation
[    4.933132] AES CTR mode by8 optimization enabled
[    4.935293] input: ImExPS/2 Generic Explorer Mouse as /devices/platform/i8042/serio1/input/input4
[    4.957968] Fusion MPT SPI Host driver 3.04.20
[    5.302620] e1000 0000:00:03.0 eth0: (PCI:33MHz:32-bit) 02:c6:92:c1:9f:2a
[    5.309267] e1000 0000:00:03.0 eth0: Intel(R) PRO/1000 Network Connection
[    5.311583] mptbase: ioc0: Initiating bringup
[    5.312114] e1000 0000:00:03.0 enp0s3: renamed from eth0
[    5.409813] ioc0: LSI53C1030 A0: Capabilities={Initiator}
[    5.822218] scsi host2: ioc0: LSI53C1030 A0, FwRev=00000000h, Ports=1, MaxQ=256, IRQ=20
[    6.394802] scsi 2:0:0:0: Direct-Access     VBOX     HARDDISK         1.0  PQ: 0 ANSI: 5
[    6.403563] scsi target2:0:0: Beginning Domain Validation
[    6.418445] scsi target2:0:0: Domain Validation skipping write tests
[    6.419635] scsi target2:0:0: Ending Domain Validation
[    6.420665] scsi target2:0:0: asynchronous
[    6.422025] scsi 2:0:1:0: Direct-Access     VBOX     HARDDISK         1.0  PQ: 0 ANSI: 5
[    6.423615] scsi target2:0:1: Beginning Domain Validation
[    6.425491] scsi target2:0:1: Domain Validation skipping write tests
[    6.426668] scsi target2:0:1: Ending Domain Validation
[    6.427696] scsi target2:0:1: asynchronous
[    6.434693] sd 2:0:0:0: [sda] 20971520 512-byte logical blocks: (10.7 GB/10.0 GiB)
[    6.438750] sd 2:0:0:0: Attached scsi generic sg0 type 0
[    6.440129] sd 2:0:0:0: [sda] Write Protect is off
[    6.441250] sd 2:0:1:0: Attached scsi generic sg1 type 0
[    6.442411] sd 2:0:1:0: [sdb] 20480 512-byte logical blocks: (10.5 MB/10.0 MiB)
[    6.442500] sd 2:0:0:0: [sda] Incomplete mode parameter data
[    6.442502] sd 2:0:0:0: [sda] Assuming drive cache: write through
[    6.445937] sd 2:0:1:0: [sdb] Write Protect is off
[    6.448112]  sda: sda1
[    6.452256] sd 2:0:1:0: [sdb] Incomplete mode parameter data
[    6.452365] sd 2:0:0:0: [sda] Attached SCSI disk
[    6.763617] sd 2:0:1:0: [sdb] Assuming drive cache: write through
[    6.787701] sd 2:0:1:0: [sdb] Attached SCSI disk
[    7.993646] floppy0: no floppy controllers found
Begin: Loading e[    9.337989] md: linear personality registered for level -1
ssential drivers[    9.511263] md: multipath personality registered for level -4
 ... [    9.556375] md: raid0 personality registered for level 0
[    9.561415] md: raid1 personality registered for level 1
[    9.637130] raid6: sse2x1   gen()  8588 MB/s
[    9.825124] raid6: sse2x1   xor()  6974 MB/s
[    9.921121] raid6: sse2x2   gen() 11031 MB/s
[   10.017137] raid6: sse2x2   xor()  7621 MB/s
[   10.101127] raid6: sse2x4   gen() 10331 MB/s
[   10.177119] raid6: sse2x4   xor()  9142 MB/s
[   10.198755] raid6: using algorithm sse2x2 gen() 11031 MB/s
[   10.199605] raid6: .... xor() 7621 MB/s, rmw enabled
[   10.200397] raid6: using ssse3x2 recovery algorithm
[   10.202677] xor: automatically using best checksumming function:
[   10.273770]    avx       : 44696.000 MB/sec
[   10.279150] async_tx: api initialized (async)
[   10.296093] md: raid6 personality registered for level 6
[   10.317859] md: raid5 personality registered for level 5
[   10.318701] md: raid4 personality registered for level 4
[   10.326012] md: raid10 personality registered for level 10
done.
Begin: Running /scripts/init-premount ... done.
Begin: Mounting root file syst[   10.368089] Btrfs loaded
em ... Begin: Running /scripts/local-top ... done.
Begin: Running /scripts/local-premount ... Scanning for Btrfs filesystems
done.
Warning: fsck no[   10.410005] EXT4-fs (sda1): mounted filesystem with ordered data mode. Opts: (null)
t present, so skipping root file system
done.
Begin: Running /scripts/local-bottom ... done.
Begin: Running /scripts/init-bottom ... done.
[   10.579217] systemd[1]: systemd 229 running in system mode. (+PAM +AUDIT +SELINUX +IMA +APPARMOR +SMACK +SYSVINIT +UTMP +LIBCRYPTSETUP +GCRYPT +GNUTLS +ACL +XZ -LZ4 +SECCOMP +BLKID +ELFUTILS +KMOD -IDN)
[   10.605309] systemd[1]: Detected virtualization oracle.
[   10.606334] systemd[1]: Detected architecture x86-64.

Welcome to [1mUbuntu 16.04.2 LTS[0m!

[   10.617706] systemd[1]: Set hostname to <ubuntu>.
[   10.626022] systemd[1]: Initializing machine ID from random generator.
[   10.633361] systemd[1]: Installed transient /etc/machine-id file.
[   10.798754] systemd[1]: Set up automount Arbitrary Executable File Formats File System Automount Point.
[[0;32m  OK  [0m] Set up automount Arbitrary Executab...ats File System Automount Point.
[   10.833326] systemd[1]: Listening on Journal Audit Socket.
[[0;32m  OK  [0m] Listening on Journal Audit Socket.
[   10.844220] systemd[1]: Listening on LVM2 metadata daemon socket.
[[0;32m  OK  [0m] Listening on LVM2 metadata daemon socket.
[   10.853313] systemd[1]: Started Forward Password Requests to Wall Directory Watch.
[[0;32m  OK  [0m] Started Forward Password Requests to Wall Directory Watch.
[   10.865366] systemd[1]: Listening on udev Control Socket.
[[0;32m  OK  [0m] Listening on udev Control Socket.
[   10.876330] systemd[1]: Listening on Syslog Socket.
[[0;32m  OK  [0m] Listening on Syslog Socket.
[   10.880760] systemd[1]: Listening on Journal Socket (/dev/log).
[[0;32m  OK  [0m] Listening on Journal Socket (/dev/log).
[   10.889294] systemd[1]: Listening on udev Kernel Socket.
[[0;32m  OK  [0m] Listening on udev Kernel Socket.
[   10.897264] systemd[1]: Reached target User and Group Name Lookups.
[[0;32m  OK  [0m] Reached target User and Group Name Lookups.
[   10.901860] systemd[1]: Reached target Encrypted Volumes.
[[0;32m  OK  [0m] Reached target Encrypted Volumes.
[   10.905486] systemd[1]: Listening on LVM2 poll daemon socket.
[[0;32m  OK  [0m] Listening on LVM2 poll daemon socket.
[   10.917593] systemd[1]: Created slice System Slice.
[[0;32m  OK  [0m] Created slice System Slice.
[   10.926132] systemd[1]: Created slice system-serial\x2dgetty.slice.
[[0;32m  OK  [0m] Created slice system-serial\x2dgetty.slice.
[   10.929412] systemd[1]: Listening on Journal Socket.
[[0;32m  OK  [0m] Listening on Journal Socket.
[   10.949589] systemd[1]: Starting Nameserver information manager...
         Starting Nameserver information manager...
[   10.974336] systemd[1]: Mounting Debug File System...
         Mounting Debug File System...
[   11.076364] systemd[1]: Starting Set console keymap...
         Starting Set console keymap...
[   11.149358] systemd[1]: Starting Load Kernel Modules...
         Startin[   11.173214] Loading iSCSI transport class v2.0-870.
g Load Kernel Modules...
[   11.176651] systemd[1]: Starting Journal Service...
         Starting Journal Service...
[   11.187611] systemd[1]: Mounting POSIX Message Queue File System...
         Mounting POSIX Message Queue File System...
[   11.195149] systemd[1]: Starting Uncomplicated firewall...
[   11.238532] iscsi: registered transport (tcp)
         Starting Uncomplicated firewall...
[   11.250892] systemd[1]: Mounting Huge Pages File System...
         Mounting Huge Pages Fil[   11.274608] iscsi: registered transport (iser)
e System...
[   11.277249] systemd[1]: Starting Remount Root and Kernel File Systems...
[   11.285948] EXT4-fs (sda1): re-mounted. Opts: (null)
         Starting Remount Root and Kernel File Systems...
[   11.294072] systemd[1]: Starting Create list of required static device nodes for the current kernel...
         Starting Create list of required st... nodes for the current kernel...
[   11.365094] systemd[1]: Created slice User and Session Slice.
[[0;32m  OK  [0m] Created slice User and Session Slice.
[   11.524866] systemd[1]: Reached target Slices.
[[0;32m  OK  [0m] Reached target Slices.
[   11.533361] systemd[1]: Listening on Device-mapper event daemon FIFOs.
[[0;32m  OK  [0m] Listening on Device-mapper event daemon FIFOs.
[   11.584825] systemd[1]: Starting Monitoring of LVM2 mirrors, snapshots etc. using dmeventd or progress polling...
         Starting Monitoring of LVM2 mirrors... dmeventd or progress polling...
[   11.674730] systemd[1]: Started Trigger resolvconf update for networkd DNS.
[[0;32m  OK  [0m] Started Trigger resolvconf update for networkd DNS.
[   11.677065] systemd[1]: Listening on /dev/initctl Compatibility Named Pipe.
[[0;32m  OK  [0m] Listening on /dev/initctl Compatibility Named Pipe.
[   11.679484] systemd[1]: Reached target Swap.
[[0;32m  OK  [0m] Reached target Swap.
[   11.682759] systemd[1]: Mounted Debug File System.
[[0;32m  OK  [0m] Mounted Debug File System.
[   11.693375] systemd[1]: Mounted POSIX Message Queue File System.
[[0;32m  OK  [0m] Mounted POSIX Message Queue File System.
[   11.843867] systemd[1]: Mounted Huge Pages File System.
[[0;32m  OK  [0m] Mounted Huge Pages File System.
[   11.846996] systemd[1]: Started Journal Service.
[[0;32m  OK  [0m] Started Journal Service.
[[0;32m  OK  [0m] Started Set console keymap.
[[0;32m  OK  [0m] Started Load Kernel Modules.
[[0;32m  OK  [0m] Started Uncomplicated firewall.
[[0;32m  OK  [0m] Started Remount Root and Kernel File Systems.
[[0;32m  OK  [0m] Started Create list of required sta...ce nodes for the current kernel.
[[0;32m  OK  [0[   12.046474] random: nonblocking pool is initialized
m] Started Nameserver information manager.
[[0;32m  OK  [0m] Started LVM2 metadata daemon.
         Starting Create Static Device Nodes in /dev...
         Starting Load/Save Random Seed...
         Starting Initial cloud-init job (pre-networking)...
         Starting udev Coldplug all Devices...
         Starting Apply Kernel Variables...
         Mounting FUSE Control File System...
         Starting Flush Journal to Persistent Storage...
[[0;32m  OK  [0m] Mounted FUSE Control File System.
[[0;32m  OK  [0m] Started Create Static Device Nodes in /dev.
[[0;32m  OK  [0m] Started Load/Save Random Seed.
[[0;32m  OK  [0m] Started Apply Kernel Variables.
[[0;32m  OK  [0m] Started udev Coldplug all Devices.
[[0;32m  OK  [0m] Started Flush Journal to Persistent Storage.
         Starting udev Kernel Device Manager...
[[0;32m  OK  [0m] Started udev Kernel Device Manager.
[[0;32m  OK  [0m] Started Dispatch Password Requests to Console Directory Watch.
[[0;32m  OK  [0m] Found device /dev/ttyS0.
[[0;32m  OK  [0m] Started Monitoring of LVM2 mirrors,...ng dmeventd or progress polling.
[[0;32m  OK  [0m] Reached target Local File Systems (Pre).
[[0;32m  OK  [0m] Reached target Local File Systems.
         Starting Set console font and keymap...
         Starting Commit a transient machine-id on disk...
         Starting LSB: AppArmor initialization...
         Starting Tell Plymouth To Write Out Runtime Data...
         Starting Create Volatile Files and Directories...
[[0;32m  OK  [0m] Started Commit a transient machine-id on disk.
[[0;32m  OK  [0m] Started Tell Plymouth To Write Out Runtime Data.
[[0;32m  OK  [0m] Started Create Volatile Files and Directories.
         Starting Update UTMP about System Boot/Shutdown...
[[0;32m  OK  [0m] Reached target System Time Synchronized.
[[0;32m  OK  [0m] Started Update UTMP about System Boot/Shutdown.
[[0;32m  OK  [0m] Listening on Load/Save RF Kill Switch Status /dev/rfkill Watch.
[[0;1;31mFAILED[0m] Failed to start Set console font and keymap.
See 'systemctl status console-setup.service' for details.
[   12.602962] cloud-init[447]: Cloud-init v. 0.7.9 running 'init-local' at Wed, 28 Jun 2017 22:59:35 +0000. Up 12.08 seconds.
[[0;32m  OK  [0m] Started LSB: AppArmor initialization.
[[0;32m  OK  [0m] Started Initial cloud-init job (pre-networking).
[[0;32m  OK  [0m] Reached target Network (Pre).
         Starting Raise network interfaces...
[[0;32m  OK  [0m] Created slice system-getty.slice.
[[0;32m  OK  [0m] Started Raise network interfaces.
[[0;32m  OK  [0m] Reached target Network.
         Starting Initial cloud-init job (metadata service crawler)...
[   15.761225] cloud-init[899]: Cloud-init v. 0.7.9 running 'init' at Wed, 28 Jun 2017 22:59:38 +0000. Up 15.06 seconds.
[   15.793366] cloud-init[899]: ci-info: +++++++++++++++++++++++++++++++++++++Net device info++++++++++++++++++++++++++++++++++++++
[   15.797013] cloud-init[899]: ci-info: +--------+------+----------------------------+---------------+-------+-------------------+
[   15.805735] cloud-init[899]: ci-info: | Device |  Up  |          Address           |      Mask     | Scope |     Hw-Address    |
[   15.807690] cloud-init[899]: ci-info: +--------+------+----------------------------+---------------+-------+-------------------+
[   15.876948] cloud-init[899]: ci-info: | enp0s3 | True |         10.0.2.15          | 255.255.255.0 |   .   | 02:c6:92:c1:9f:2a |
[[0;32m  OK  [0m] Started Initial cloud-init job (metadata service crawler).
[   15.877548] cloud-init[899]: ci-info: | enp0s3 | True | fe80::c6:92ff:fec1:9f2a/64 |       .       |  link | 02:c6:92:c1:9f:2a |
[   16.100923] cloud-init[899]: ci-info: |   lo   | True |         127.0.0.1          |   255.0.0.0   |   .   |         .         |
[   16.101745] cloud-init[899]: ci-info: |   lo   | True |          ::1/128           |       .       |  host |         .         |
[[0;32m  OK  [0m] Reached target Cloud-config availability.
[   16.101925] cloud-init[899]: ci-info: +--------+------+----------------------------+---------------+-------+-------------------+
[   16.297841] cloud-init[[899]: [0;32m  OK  [0mci-info: +++++++++++++++++++++++++++Route IPv4 info++++++++++++++++++++++++++++] 
Reached target Network is Online.
[   16.297989] cloud-init[899]: ci-info: +-------+-------------+----------+---------------+-----------+-------+
[   16.502714] cloud-init[899]: ci-info: | Route | Destination | Gateway  |    Genmask    | Interface | Flags |
         Starting iSCSI initiator daemon (iscsid)...
[[0;32m  OK  [0m] Reached target System Initialization.
[   16.514833] cloud-init[899]: ci-info: +-------+-------------+----------+---------------+-----------+-------+
[   16.550200] cloud-init[899]: ci-info: |   0   |   0.0.0.0   | 10.0.2.2 |    0.0.0.0    |   enp0s3  |   UG  |
[[0;32m  OK  [0m] Started ACPI Events Check.
[[0;32m  OK  [0m] Reached target Paths.
         Starting Socket activation for snappy daemon.
[[0;32m  OK  [0m] Listening on D-Bus System Message Bus Socket.
[   16.552017] cloud-init[899]: ci-info: |   1   |   10.0.2.0  | 0.0.0.0  | 255.255.255.0 |   enp0s3  |   U   |
[   16.559100] cloud-init[899]: ci-info: +-------+-------------+----------+---------------+-----------+-------+
         [   16.562405] Starting LXD - unix socket.cloud-init
[899]: Generating public/private rsa key pair.
[   16.564485] cloud-init[899]: Your identification has been saved in /etc/ssh/ssh_host_rsa_key.
[[0;32m  OK  [0m] Listening on UUID daemon activation socket.
[   16.564833] cloud-init[899]: Your public key has been saved in /etc/ssh/ssh_host_rsa_key.pub.
[   16.569470] cloud-init[899]: The key fingerprint is:
[[0;32m  OK  [0m] Started Daily Cleanup of Temporary Directories.
[   16.569548] cloud-init[899]: SHA256:GaV2VZYpN0siY1g9eumMHrH8ptBCulPBzqwA676fZig root@ubuntu-xenial
[   16.580310] cloud-init[899]: The key's randomart image is:
[   16.580656] cloud-init[899]: +---[RSA 2048]----+
[[0;32m  OK  [0m] Started Timer to automatically refresh installed snaps.
[[   16.580764] cloud-init[899]: |         oo...oo |
[   16.591849] cloud-init[899]: |        .o+.=.*  |
[   16.592104] cloud-init[899]: |       .+..+ B o |
[   16.592336] cloud-init[899]: |  .    .o+o o .  |
[   16.592592] cloud-init[899]: |   o   +So B     |
[0;32m  OK  [0m] Listening on ACPID Listen Socket.
[   16.592886] cloud-init[899]: |  . .  o=.= o    |
[   16.599542] cloud-init[899]: | . . ..oo..o     |
[   16.599771] cloud-init[899]: |E o o.o. o. o    |
[   16.600072] cloud-init[899]: | oo=o ..  .o     |
[   16.600263] cloud-init[899]: +----[SHA256]-----+
[   16.600505] cloud-init[899]: Generating public/private dsa key pair.
[[0;32m  OK  [0m] Started Daily apt activities.
[[   16.600758] cloud-init[899]: Your identification has been saved in /etc/ssh/ssh_host_dsa_key.
[   16.616176] cloud-init[899]: Your public key has been saved in /etc/ssh/ssh_host_dsa_key.pub.
[0;32m  OK  [0m] Reached target Timers.
[   16.616306] cloud-init[899]: The key fingerprint is:
[   16.628374] cloud-init[899]: SHA256:ux+gIErSR3L1z58vnamg6mgrxaOfP2jzYX93sMNd1FQ root@ubuntu-xenial
[   16.631969] cloud-init[899]: The key's randomart image is:
[   16.652730] cloud-init[899]: +---[DSA 1024]----+
[[0;32m  OK  [0m] Listening on Socket activation for snappy daemon.
[   16.653469] cloud-init[899]: |      .         E|
[   16.713184] cloud-init[899]: |     . .        .|
[[0;32m  OK  [0m] Listening on LXD - unix socket.
[[   16.713554] cloud-init[899]: |  . o   .      ..|
[0;32m  OK  [0m] Started iSCSI initiator daemon (iscsid).
[   16.774091] cloud-init[899]: | . +     o      o|
[   16.798028] cloud-init[899]: |..o.o   S o    . |
[   16.799455] cloud-init[899]: |o. o+. . o ...  .|
[   16.800891] cloud-init[899]: |.  o o+ . o.o= + |
[   16.802249] cloud-init[899]: |  o =+.o o.o*.*  |
[   16.803680] cloud-init[899]: |   ==*=o+o...=.  |
[   16.805064] cloud-init[899]: +----[SHA256]-----+
[   16.806585] cloud-init[899]: Generating public/private ecdsa key pair.
[   16.808824] cloud-init[899]: Your identification has been saved in /etc/ssh/ssh_host_ecdsa_key.
[   16.812304] cloud-init[899]: Your public key has been saved in /etc/ssh/ssh_host_ecdsa_key.pub.
[   16.812545] cloud-init[899]: The key fingerprint is:
[   16.812780] cloud-init[899]: SHA256:66vCelJoKtTRC7PUNMjrxusN2CegKmSJTUKWiQZZfGE root@ubuntu-xenial
         Starting Login to default iSCSI targets...
[[0;32m  OK  [0m] Reached target Sockets.
[[0;32m  OK  [0m] Reached target Basic System.
         Starting /etc/rc.local Compatibility...
         Starting Accounts Service...
[   16.812977] cloud-init[899]: The key's randomart image is:
[   16.854604]          Starting LSB: Record successful boot for GRUB...
cloud-init[899]: +---[ECDSA 256]---+
[   16.884488] [cloud-init[0;32m  OK  [0m[899]: ] |++= E.           |Started Deferred execution scheduler.

[   16.905125]          cloud-initStarting LXD - container startup/shutdown...[899]: 
|o*.+.o           |
[   16.909082] [cloud-init[0;32m  OK  [0m[899]: ] |+  .= .          |Started Unattended Upgrades Shutdown.

[   16.935884] [cloud-init[0;32m  OK  [0m[899]: ] |. .* o           |Started ACPI event daemon.

[   16.936513] cloud-init[899]: |.=*.= . S        |
[   16.990741]          cloud-initStarting System Logging Service...[899]: 
|o=B*..   .       |
[   17.017169] [cloud-init[0;32m  OK  [0m[899]: ] |=+.*..  .        |Started FUSE filesystem for LXC.

[   17.017562] cloud-init[899]: |= ..O  .         |
[   17.059103]          cloud-initStarting Pollinate to seed the pseudo random number generator...[899]: 
|+ o= o..o.       |
         Starting Apply the settings specified in cloud-config...
[   17.070815] cloud-init[899]: +----[SHA256]-----+
[   17.129365] cloud-init[899]: Generating public/private ed25519 key pair.
[   17.131103] cloud-init[899]: Your identification has been saved in /etc/ssh/ssh_host_ed25519_key.
[[0;32m  OK  [0m] Started Regular background program processing daemon.
         Starting Login Service...
         Starting LSB: MD monitoring daemon...
[   17.143159] cloud-init[[0;32m  OK  [0m] Started D-Bus System Message Bus.
[899]: Your public key has been saved in /etc/ssh/ssh_host_ed25519_key.pub.
[   17.182159] cloud-init[899]: The key fingerprint is:
[   17.184901] cloud-init[899]: SHA256:NW2Mayw/HPkjbR5eStU/MSD/2psQVmmKf9fNnS12Y2A root@ubuntu-xenial
[   17.203198] cloud-init[899]: The key's randomart image is:
[   17.205063] cloud-init[899]: +--[ED25519 256]--+
[   17.206898] cloud-init[899]: |                 |
[   17.220958] cloud-init[899]: |           +    .|
[   17.256453] [cloud-init[0;32m  OK  [0m[899]: ] |          +.+. + |Started Snappy daemon.

[   17.288946]          cloud-initStarting Auto import assertions from block devices...[899]: 
|         o =+ =. |
[   17.305671] [cloud-init[0;32m  OK  [0m[899]: ] |        S *. E.o.|
Started System Logging Service.
[   17.306040] cloud-init[899]: |         = ++.+.X|
[   17.346948] [[0;32m  OK  [0m] Started /etc/rc.local Compatibility.
cloud-init[[0;32m  OK  [0m] Started LXD - container startup/shutdown.
[899]: |          = Bo+BX|
[   17.350551] [[0;32m  OK  [0m] Started Auto import assertions from block devices.
cloud-init[899]: |           B **o=|
[   17.352929] cloud-init[899]: |            +. +.|
[   17.356865] cloud-init[899]: +----[SHA256]-----+
[[0;32m  OK  [0m] Started LSB: Record successful boot for GRUB.
[[0;32m  OK  [0m] Started Login to default iSCSI targets.
[[0;32m  OK  [0m] Started LSB: MD monitoring daemon.
[[0;32m  OK  [0m] Started Login Service.
         Starting Authenticate and Authorize Users to Run Privileged Tasks...
[[0;32m  OK  [0m] Reached target Remote File Systems (Pre).
[[0;32m  OK  [0m] Reached target Remote File Systems.
         Starting LSB: VirtualBox Linux Additions...
         Starting LSB: automatic crash report generation...
         Starting Permit User Sessions...
         Starting LSB: Set the CPU Frequency Scaling governor to "ondemand"...
         Starting LSB: daemon to balance interrupts for SMP systems...
[   17.652616] cloud-init[1042]: Generating locales (this might take a while)...
[[0;32m  OK  [0m] Started Permit User Sessions.
[[0;32m  OK  [0m] Started Authenticate and Authorize Users to Run Privileged Tasks.
[[0;32m  OK  [0m] Started Accounts Service.
[[0;32m  OK  [0m] Started LSB: Set the CPU Frequency Scaling governor to "ondemand".
         Starting Terminate Plymouth Boot Screen...
         Starting Hold until boot process finishes up...
[[0;32m  OK  [0m] Started LSB: automatic crash report generation.
[[0;32m  OK  [0m] Started LSB: daemon to balance interrupts for SMP systems.
[[0;32m  OK  [0m] Started LSB: VirtualBox Linux Additions.
[[0;32m  OK  [0m] Started Terminate Plymouth Boot Screen.
[[0;32m  OK  [0m] Started Hold until boot process finishes up.
[[0;32m  OK  [0m] Started Serial Getty on ttyS0.
         Starting Set console scheme...
[[0;32m  OK  [0m] Started Getty on tty1.
[[0;32m  OK  [0m] Reached target Login Prompts.
[[0;32m  OK  [0m] Started Pollinate to seed the pseudo random number generator.
[[0;32m  OK  [0m] Started Set console scheme.
         Starting OpenBSD Secure Shell server...
[[0;32m  OK  [0m] Started OpenBSD Secure Shell server.
[[0;32m  OK  [0m] Reached target Multi-User System.
[[0;32m  OK  [0m] Reached target Graphical Interface.
         Starting Update UTMP about System Runlevel Changes...
[[0;32m  OK  [0m] Started Update UTMP about System Runlevel Changes.
[   18.478946] cloud-init[1042]:   en_US.UTF-8... done
[   18.511260] cloud-init[1042]: Generation complete.
         Stopping OpenBSD Secure Shell server...
[[0;32m  OK  [0m] Stopped OpenBSD Secure Shell server.
         Starting OpenBSD Secure Shell server...
[[0;32m  OK  [0m] Started OpenBSD Secure Shell server.
[[0;32m  OK  [0m] Created slice User Slice of ubuntu.
         Starting User Manager for UID 1000...
[[0;32m  OK  [0m] Started Session 1 of user ubuntu.
[[0;32m  OK  [0m] Started User Manager for UID 1000.
[   18.956881] cloud-init[1042]: Cloud-init v. 0.7.9 running 'modules:config' at Wed, 28 Jun 2017 22:59:40 +0000. Up 17.51 seconds.
[[0;32m  OK  [0m] Started Apply the settings specified in cloud-config.
         Starting Execute cloud user/final scripts...
ci-info: no authorized ssh keys fingerprints found for user ubuntu.
<14>Jun 28 22:59:42 ec2: 
<14>Jun 28 22:59:42 ec2: #############################################################
<14>Jun 28 22:59:42 ec2: -----BEGIN SSH HOST KEY FINGERPRINTS-----
<14>Jun 28 22:59:42 ec2: 1024 SHA256:ux+gIErSR3L1z58vnamg6mgrxaOfP2jzYX93sMNd1FQ root@ubuntu-xenial (DSA)
<14>Jun 28 22:59:42 ec2: 256 SHA256:66vCelJoKtTRC7PUNMjrxusN2CegKmSJTUKWiQZZfGE root@ubuntu-xenial (ECDSA)
<14>Jun 28 22:59:42 ec2: 256 SHA256:NW2Mayw/HPkjbR5eStU/MSD/2psQVmmKf9fNnS12Y2A root@ubuntu-xenial (ED25519)
<14>Jun 28 22:59:42 ec2: 2048 SHA256:GaV2VZYpN0siY1g9eumMHrH8ptBCulPBzqwA676fZig root@ubuntu-xenial (RSA)
<14>Jun 28 22:59:42 ec2: -----END SSH HOST KEY FINGERPRINTS-----
<14>Jun 28 22:59:42 ec2: #############################################################
-----BEGIN SSH HOST KEY KEYS-----
ecdsa-sha2-nistp256 AAAAE2VjZHNhLXNoYTItbmlzdHAyNTYAAAAIbmlzdHAyNTYAAABBBHlPTk8VLYKDsgw/ywaJAhRIyfxJoFkiNujyFe83UlJXmzKlvm96Qe7l3qwjiOREiwFPlF8FAwqK0X11ZC7JRr0= root@ubuntu-xenial
ssh-ed25519 AAAAC3NzaC1lZDI1NTE5AAAAIICJmO2KTrWMptN8rJgni8FkPbohdtn5+Kk0MvulB8g0 root@ubuntu-xenial
ssh-rsa AAAAB3NzaC1yc2EAAAADAQABAAABAQCqGk3x/j+PbxgvYYlyVONcs2B1rTbDinZkOOcdYsM+jh8vTuCS7o1IIfct7a/ZWn0VoaMBx8C6rCM7TCaNWxUZogxx58CjKjZ1f/YGJd7Q5CCTEPdIUrdR7fOc7PPITpSYXLWX36ZMOMwUj5icdfvSpFL3PhfJoNj1LqFXrR6trK+5VzP1vMq0wLzyEKi4PUstt7hEtqahW/fcm9r5c7c2ZaHUVQSi3yq1CYlm74Rbl1rsSfz/5XFRaJeQc6LwZQJgFa+E0PmYnGq9G3TttN0UL6Lw6KsrRW/o6vG22/yrNA0NxOXgIGmLZVCJh7eDpdxiag17RXeMmDF6G95ssWMV root@ubuntu-xenial
-----END SSH HOST KEY KEYS-----
[   19.706932] cloud-init[1324]: Cloud-init v. 0.7.9 running 'modules:final' at Wed, 28 Jun 2017 22:59:42 +0000. Up 19.46 seconds.
[   19.713848] cloud-init[1324]: ci-info: no authorized ssh keys fingerprints found for user ubuntu.
[   19.717453] cloud-init[1324]: Cloud-init v. 0.7.9 finished at Wed, 28 Jun 2017 22:59:42 +0000. Datasource DataSourceNoCloud [seed=/dev/sdb][dsmode=net].  Up 19.69 seconds
[[0;32m  OK  [0m] Started Execute cloud user/final scripts.
[[0;32m  OK  [0m] Reached target Cloud-init target.

Ubuntu 16.04.2 LTS ubuntu-xenial ttyS0

ubuntu-xenial login: 